# JRE version: OpenJDK Runtime Environment Temurin-21.0.7+6 (21.0.7+6) (build 21.0.7+6-LTS)
# Java VM: OpenJDK 64-Bit Server VM Temurin-21.0.7+6 (21.0.7+6-LTS, mixed mode, sharing, tiered, compressed oops, compressed class ptrs, parallel gc, linux-amd64)
GC Precious Log:
 CardTable entry size: 512
 CPUs: 4 total, 4 available
 Memory: 7816M
 Large Page Support: Disabled
 NUMA Support: Disabled
 Compressed Oops: Enabled (32-bit)
 Alignments: Space 512K, Generation 512K, Heap 2M
 Heap Min Capacity: 100M
 Heap Initial Capacity: 100M
 Heap Max Capacity: 2G
 Pre-touch: Disabled
 Parallel Workers: 4
Heap:
 PSYoungGen      total 22528K, used 22094K [0x00000000d5580000, 0x00000000d6f80000, 0x0000000100000000)
  eden space 19968K, 100% used [0x00000000d5580000,0x00000000d6900000,0x00000000d6900000)
  from space 2560K, 83% used [0x00000000d6d00000,0x00000000d6f13b50,0x00000000d6f80000)
  to   space 3072K, 0% used [0x00000000d6980000,0x00000000d6980000,0x00000000d6c80000)
 ParOldGen       total 68608K, used 40223K [0x0000000080000000, 0x0000000084300000, 0x00000000d5580000)
  object space 68608K, 58% used [0x0000000080000000,0x0000000082747d28,0x0000000084300000)
 Metaspace       used 44441K, committed 45504K, reserved 1114112K
  class space    used 4388K, committed 4864K, reserved 1048576K
GC Heap History (20 events):
Event: 18.012 GC heap before
{Heap before GC invocations=19 (full 2):
 PSYoungGen      total 23040K, used 23008K [0x00000000d5580000, 0x00000000d7100000, 0x0000000100000000)
  eden space 22016K, 100% used [0x00000000d5580000,0x00000000d6b00000,0x00000000d6b00000)
  from space 1024K, 96% used [0x00000000d6e80000,0x00000000d6f78010,0x00000000d6f80000)
  to   space 3072K, 0% used [0x00000000d6b00000,0x00000000d6b00000,0x00000000d6e00000)
 ParOldGen       total 68608K, used 19504K [0x0000000080000000, 0x0000000084300000, 0x00000000d5580000)
  object space 68608K, 28% used [0x0000000080000000,0x000000008130c160,0x0000000084300000)
 Metaspace       used 40023K, committed 41024K, reserved 1114112K
  class space    used 3926K, committed 4352K, reserved 1048576K
}
Event: 18.025 GC heap after
{Heap after GC invocations=19 (full 2):
 PSYoungGen      total 24576K, used 2481K [0x00000000d5580000, 0x00000000d7000000, 0x0000000100000000)
  eden space 22016K, 0% used [0x00000000d5580000,0x00000000d5580000,0x00000000d6b00000)
  from space 2560K, 96% used [0x00000000d6b00000,0x00000000d6d6c460,0x00000000d6d80000)
  to   space 2560K, 0% used [0x00000000d6d80000,0x00000000d6d80000,0x00000000d7000000)
 ParOldGen       total 68608K, used 20480K [0x0000000080000000, 0x0000000084300000, 0x00000000d5580000)
  object space 68608K, 29% used [0x0000000080000000,0x0000000081400160,0x0000000084300000)
 Metaspace       used 40023K, committed 41024K, reserved 1114112K
  class space    used 3926K, committed 4352K, reserved 1048576K
}
Event: 18.221 GC heap before
{Heap before GC invocations=20 (full 2):
 PSYoungGen      total 24576K, used 24497K [0x00000000d5580000, 0x00000000d7000000, 0x0000000100000000)
  eden space 22016K, 100% used [0x00000000d5580000,0x00000000d6b00000,0x00000000d6b00000)
  from space 2560K, 96% used [0x00000000d6b00000,0x00000000d6d6c460,0x00000000d6d80000)
  to   space 2560K, 0% used [0x00000000d6d80000,0x00000000d6d80000,0x00000000d7000000)
 ParOldGen       total 68608K, used 20480K [0x0000000080000000, 0x0000000084300000, 0x00000000d5580000)
  object space 68608K, 29% used [0x0000000080000000,0x0000000081400160,0x0000000084300000)
 Metaspace       used 40030K, committed 41024K, reserved 1114112K
  class space    used 3926K, committed 4352K, reserved 1048576K
}
Event: 18.230 GC heap after
{Heap after GC invocations=20 (full 2):
 PSYoungGen      total 24576K, used 2274K [0x00000000d5580000, 0x00000000d7000000, 0x0000000100000000)
  eden space 22016K, 0% used [0x00000000d5580000,0x00000000d5580000,0x00000000d6b00000)
  from space 2560K, 88% used [0x00000000d6d80000,0x00000000d6fb8810,0x00000000d7000000)
  to   space 2560K, 0% used [0x00000000d6b00000,0x00000000d6b00000,0x00000000d6d80000)
 ParOldGen       total 68608K, used 22758K [0x0000000080000000, 0x0000000084300000, 0x00000000d5580000)
  object space 68608K, 33% used [0x0000000080000000,0x0000000081639840,0x0000000084300000)
 Metaspace       used 40030K, committed 41024K, reserved 1114112K
  class space    used 3926K, committed 4352K, reserved 1048576K
}
Event: 18.506 GC heap before
{Heap before GC invocations=21 (full 2):
 PSYoungGen      total 24576K, used 24290K [0x00000000d5580000, 0x00000000d7000000, 0x0000000100000000)
  eden space 22016K, 100% used [0x00000000d5580000,0x00000000d6b00000,0x00000000d6b00000)
  from space 2560K, 88% used [0x00000000d6d80000,0x00000000d6fb8810,0x00000000d7000000)
  to   space 2560K, 0% used [0x00000000d6b00000,0x00000000d6b00000,0x00000000d6d80000)
 ParOldGen       total 68608K, used 22758K [0x0000000080000000, 0x0000000084300000, 0x00000000d5580000)
  object space 68608K, 33% used [0x0000000080000000,0x0000000081639840,0x0000000084300000)
 Metaspace       used 40047K, committed 41024K, reserved 1114112K
  class space    used 3926K, committed 4352K, reserved 1048576K
}
Event: 18.534 GC heap after
{Heap after GC invocations=21 (full 2):
 PSYoungGen      total 24576K, used 2020K [0x00000000d5580000, 0x00000000d7000000, 0x0000000100000000)
  eden space 22016K, 0% used [0x00000000d5580000,0x00000000d5580000,0x00000000d6b00000)
  from space 2560K, 78% used [0x00000000d6b00000,0x00000000d6cf9000,0x00000000d6d80000)
  to   space 2560K, 0% used [0x00000000d6d80000,0x00000000d6d80000,0x00000000d7000000)
 ParOldGen       total 68608K, used 24870K [0x0000000080000000, 0x0000000084300000, 0x00000000d5580000)
  object space 68608K, 36% used [0x0000000080000000,0x0000000081849850,0x0000000084300000)
 Metaspace       used 40047K, committed 41024K, reserved 1114112K
  class space    used 3926K, committed 4352K, reserved 1048576K
}
Event: 18.734 GC heap before
{Heap before GC invocations=22 (full 2):
 PSYoungGen      total 24576K, used 24036K [0x00000000d5580000, 0x00000000d7000000, 0x0000000100000000)
  eden space 22016K, 100% used [0x00000000d5580000,0x00000000d6b00000,0x00000000d6b00000)
  from space 2560K, 78% used [0x00000000d6b00000,0x00000000d6cf9000,0x00000000d6d80000)
  to   space 2560K, 0% used [0x00000000d6d80000,0x00000000d6d80000,0x00000000d7000000)
 ParOldGen       total 68608K, used 24870K [0x0000000080000000, 0x0000000084300000, 0x00000000d5580000)
  object space 68608K, 36% used [0x0000000080000000,0x0000000081849850,0x0000000084300000)
 Metaspace       used 40055K, committed 41088K, reserved 1114112K
  class space    used 3926K, committed 4352K, reserved 1048576K
}
Event: 18.757 GC heap after
{Heap after GC invocations=22 (full 2):
 PSYoungGen      total 23552K, used 1504K [0x00000000d5580000, 0x00000000d6f00000, 0x0000000100000000)
  eden space 22016K, 0% used [0x00000000d5580000,0x00000000d5580000,0x00000000d6b00000)
  from space 1536K, 97% used [0x00000000d6d80000,0x00000000d6ef8000,0x00000000d6f00000)
  to   space 2048K, 0% used [0x00000000d6b00000,0x00000000d6b00000,0x00000000d6d00000)
 ParOldGen       total 68608K, used 26822K [0x0000000080000000, 0x0000000084300000, 0x00000000d5580000)
  object space 68608K, 39% used [0x0000000080000000,0x0000000081a31950,0x0000000084300000)
 Metaspace       used 40055K, committed 41088K, reserved 1114112K
  class space    used 3926K, committed 4352K, reserved 1048576K
}
Event: 19.034 GC heap before
{Heap before GC invocations=23 (full 2):
 PSYoungGen      total 23552K, used 23519K [0x00000000d5580000, 0x00000000d6f00000, 0x0000000100000000)
  eden space 22016K, 99% used [0x00000000d5580000,0x00000000d6afffe8,0x00000000d6b00000)
  from space 1536K, 97% used [0x00000000d6d80000,0x00000000d6ef8000,0x00000000d6f00000)
  to   space 2048K, 0% used [0x00000000d6b00000,0x00000000d6b00000,0x00000000d6d00000)
 ParOldGen       total 68608K, used 26822K [0x0000000080000000, 0x0000000084300000, 0x00000000d5580000)
  object space 68608K, 39% used [0x0000000080000000,0x0000000081a31950,0x0000000084300000)
 Metaspace       used 40107K, committed 41152K, reserved 1114112K
  class space    used 3926K, committed 4352K, reserved 1048576K
}
Event: 19.059 GC heap after
{Heap after GC invocations=23 (full 2):
 PSYoungGen      total 24064K, used 2016K [0x00000000d5580000, 0x00000000d7300000, 0x0000000100000000)
  eden space 22016K, 0% used [0x00000000d5580000,0x00000000d5580000,0x00000000d6b00000)
  from space 2048K, 98% used [0x00000000d6b00000,0x00000000d6cf8010,0x00000000d6d00000)
  to   space 4096K, 0% used [0x00000000d6f00000,0x00000000d6f00000,0x00000000d7300000)
 ParOldGen       total 68608K, used 28286K [0x0000000080000000, 0x0000000084300000, 0x00000000d5580000)
  object space 68608K, 41% used [0x0000000080000000,0x0000000081b9f950,0x0000000084300000)
 Metaspace       used 40107K, committed 41152K, reserved 1114112K
  class space    used 3926K, committed 4352K, reserved 1048576K
}
Event: 19.241 GC heap before
{Heap before GC invocations=24 (full 2):
 PSYoungGen      total 24064K, used 24032K [0x00000000d5580000, 0x00000000d7300000, 0x0000000100000000)
  eden space 22016K, 100% used [0x00000000d5580000,0x00000000d6b00000,0x00000000d6b00000)
  from space 2048K, 98% used [0x00000000d6b00000,0x00000000d6cf8010,0x00000000d6d00000)
  to   space 4096K, 0% used [0x00000000d6f00000,0x00000000d6f00000,0x00000000d7300000)
 ParOldGen       total 68608K, used 28286K [0x0000000080000000, 0x0000000084300000, 0x00000000d5580000)
  object space 68608K, 41% used [0x0000000080000000,0x0000000081b9f950,0x0000000084300000)
 Metaspace       used 40118K, committed 41152K, reserved 1114112K
  class space    used 3926K, committed 4352K, reserved 1048576K
}
Event: 19.265 GC heap after
{Heap after GC invocations=24 (full 2):
 PSYoungGen      total 24064K, used 1867K [0x00000000d5580000, 0x00000000d7100000, 0x0000000100000000)
  eden space 22016K, 0% used [0x00000000d5580000,0x00000000d5580000,0x00000000d6b00000)
  from space 2048K, 91% used [0x00000000d6f00000,0x00000000d70d2d18,0x00000000d7100000)
  to   space 2560K, 0% used [0x00000000d6c00000,0x00000000d6c00000,0x00000000d6e80000)
 ParOldGen       total 68608K, used 30250K [0x0000000080000000, 0x0000000084300000, 0x00000000d5580000)
  object space 68608K, 44% used [0x0000000080000000,0x0000000081d8aa58,0x0000000084300000)
 Metaspace       used 40118K, committed 41152K, reserved 1114112K
  class space    used 3926K, committed 4352K, reserved 1048576K
}
Event: 19.487 GC heap before
{Heap before GC invocations=25 (full 2):
 PSYoungGen      total 24064K, used 23883K [0x00000000d5580000, 0x00000000d7100000, 0x0000000100000000)
  eden space 22016K, 100% used [0x00000000d5580000,0x00000000d6b00000,0x00000000d6b00000)
  from space 2048K, 91% used [0x00000000d6f00000,0x00000000d70d2d18,0x00000000d7100000)
  to   space 2560K, 0% used [0x00000000d6c00000,0x00000000d6c00000,0x00000000d6e80000)
 ParOldGen       total 68608K, used 30250K [0x0000000080000000, 0x0000000084300000, 0x00000000d5580000)
  object space 68608K, 44% used [0x0000000080000000,0x0000000081d8aa58,0x0000000084300000)
 Metaspace       used 40231K, committed 41216K, reserved 1114112K
  class space    used 3929K, committed 4352K, reserved 1048576K
}
Event: 19.499 GC heap after
{Heap after GC invocations=25 (full 2):
 PSYoungGen      total 24576K, used 2381K [0x00000000d5580000, 0x00000000d7000000, 0x0000000100000000)
  eden space 22016K, 0% used [0x00000000d5580000,0x00000000d5580000,0x00000000d6b00000)
  from space 2560K, 93% used [0x00000000d6c00000,0x00000000d6e53630,0x00000000d6e80000)
  to   space 1536K, 0% used [0x00000000d6e80000,0x00000000d6e80000,0x00000000d7000000)
 ParOldGen       total 68608K, used 32051K [0x0000000080000000, 0x0000000084300000, 0x00000000d5580000)
  object space 68608K, 46% used [0x0000000080000000,0x0000000081f4cc58,0x0000000084300000)
 Metaspace       used 40231K, committed 41216K, reserved 1114112K
  class space    used 3929K, committed 4352K, reserved 1048576K
}
Event: 20.285 GC heap before
{Heap before GC invocations=26 (full 2):
 PSYoungGen      total 24576K, used 24397K [0x00000000d5580000, 0x00000000d7000000, 0x0000000100000000)
  eden space 22016K, 100% used [0x00000000d5580000,0x00000000d6b00000,0x00000000d6b00000)
  from space 2560K, 93% used [0x00000000d6c00000,0x00000000d6e53630,0x00000000d6e80000)
  to   space 1536K, 0% used [0x00000000d6e80000,0x00000000d6e80000,0x00000000d7000000)
 ParOldGen       total 68608K, used 32051K [0x0000000080000000, 0x0000000084300000, 0x00000000d5580000)
  object space 68608K, 46% used [0x0000000080000000,0x0000000081f4cc58,0x0000000084300000)
 Metaspace       used 41508K, committed 42496K, reserved 1114112K
  class space    used 4095K, committed 4544K, reserved 1048576K
}
Event: 20.319 GC heap after
{Heap after GC invocations=26 (full 2):
 PSYoungGen      total 21504K, used 1517K [0x00000000d5580000, 0x00000000d7600000, 0x0000000100000000)
  eden space 19968K, 0% used [0x00000000d5580000,0x00000000d5580000,0x00000000d6900000)
  from space 1536K, 98% used [0x00000000d6e80000,0x00000000d6ffb510,0x00000000d7000000)
  to   space 5632K, 0% used [0x00000000d6900000,0x00000000d6900000,0x00000000d6e80000)
 ParOldGen       total 68608K, used 35319K [0x0000000080000000, 0x0000000084300000, 0x00000000d5580000)
  object space 68608K, 51% used [0x0000000080000000,0x000000008227dd88,0x0000000084300000)
 Metaspace       used 41508K, committed 42496K, reserved 1114112K
  class space    used 4095K, committed 4544K, reserved 1048576K
}
Event: 21.176 GC heap before
{Heap before GC invocations=27 (full 2):
 PSYoungGen      total 21504K, used 21485K [0x00000000d5580000, 0x00000000d7600000, 0x0000000100000000)
  eden space 19968K, 100% used [0x00000000d5580000,0x00000000d6900000,0x00000000d6900000)
  from space 1536K, 98% used [0x00000000d6e80000,0x00000000d6ffb510,0x00000000d7000000)
  to   space 5632K, 0% used [0x00000000d6900000,0x00000000d6900000,0x00000000d6e80000)
 ParOldGen       total 68608K, used 35319K [0x0000000080000000, 0x0000000084300000, 0x00000000d5580000)
  object space 68608K, 51% used [0x0000000080000000,0x000000008227dd88,0x0000000084300000)
 Metaspace       used 42445K, committed 43456K, reserved 1114112K
  class space    used 4181K, committed 4608K, reserved 1048576K
}
Event: 21.195 GC heap after
{Heap after GC invocations=27 (full 2):
 PSYoungGen      total 23552K, used 3505K [0x00000000d5580000, 0x00000000d7100000, 0x0000000100000000)
  eden space 19968K, 0% used [0x00000000d5580000,0x00000000d5580000,0x00000000d6900000)
  from space 3584K, 97% used [0x00000000d6900000,0x00000000d6c6c450,0x00000000d6c80000)
  to   space 4096K, 0% used [0x00000000d6d00000,0x00000000d6d00000,0x00000000d7100000)
 ParOldGen       total 68608K, used 36826K [0x0000000080000000, 0x0000000084300000, 0x00000000d5580000)
  object space 68608K, 53% used [0x0000000080000000,0x00000000823f6bc0,0x0000000084300000)
 Metaspace       used 42445K, committed 43456K, reserved 1114112K
  class space    used 4181K, committed 4608K, reserved 1048576K
}
Event: 21.928 GC heap before
{Heap before GC invocations=28 (full 2):
 PSYoungGen      total 23552K, used 23473K [0x00000000d5580000, 0x00000000d7100000, 0x0000000100000000)
  eden space 19968K, 100% used [0x00000000d5580000,0x00000000d6900000,0x00000000d6900000)
  from space 3584K, 97% used [0x00000000d6900000,0x00000000d6c6c450,0x00000000d6c80000)
  to   space 4096K, 0% used [0x00000000d6d00000,0x00000000d6d00000,0x00000000d7100000)
 ParOldGen       total 68608K, used 36826K [0x0000000080000000, 0x0000000084300000, 0x00000000d5580000)
  object space 68608K, 53% used [0x0000000080000000,0x00000000823f6bc0,0x0000000084300000)
 Metaspace       used 43663K, committed 44736K, reserved 1114112K
  class space    used 4307K, committed 4800K, reserved 1048576K
}
Event: 21.958 GC heap after
{Heap after GC invocations=28 (full 2):
 PSYoungGen      total 22528K, used 2126K [0x00000000d5580000, 0x00000000d6f80000, 0x0000000100000000)
  eden space 19968K, 0% used [0x00000000d5580000,0x00000000d5580000,0x00000000d6900000)
  from space 2560K, 83% used [0x00000000d6d00000,0x00000000d6f13b50,0x00000000d6f80000)
  to   space 3072K, 0% used [0x00000000d6980000,0x00000000d6980000,0x00000000d6c80000)
 ParOldGen       total 68608K, used 40223K [0x0000000080000000, 0x0000000084300000, 0x00000000d5580000)
  object space 68608K, 58% used [0x0000000080000000,0x0000000082747d28,0x0000000084300000)
 Metaspace       used 43663K, committed 44736K, reserved 1114112K
  class space    used 4307K, committed 4800K, reserved 1048576K
}

